<?xml version="1.0" encoding="UTF-8"?>
<!-- Generated by org.testng.reporters.JUnitXMLReporter -->
<testsuite ignored="12" hostname="DESKTOP-7BSILN1" failures="0" tests="5" name="RegressionTests" time="19.125" errors="0" timestamp="2025-03-27T17:48:08 EET">
  <testcase classname="Tests.SignUp" name="InValidSignUp" time="1.41"/>
  <testcase classname="Tests.Login" name="InValidLogin" time="0.882"/>
  <testcase classname="Tests.ProductDetails" name="VerifyProductDetails" time="4.715"/>
  <testcase classname="Tests.Cart" name="VerifyCartPrices" time="6.355"/>
  <testcase classname="Tests.PlacingOrder" name="InValidPlacingOrder" time="4.464"/>
  <testcase classname="Tests.TestBase" name="@AfterSuite endSession" time="0.0">
    <ignored/>
  </testcase> <!-- @AfterSuite endSession -->
  <testcase classname="Tests.TestBase" name="@AfterSuite endSession" time="0.0">
    <ignored/>
  </testcase> <!-- @AfterSuite endSession -->
  <testcase classname="Tests.TestBase" name="@AfterSuite endSession" time="0.0">
    <ignored/>
  </testcase> <!-- @AfterSuite endSession -->
  <testcase classname="Tests.TestBase" name="@AfterSuite endSession" time="0.0">
    <ignored/>
  </testcase> <!-- @AfterSuite endSession -->
  <testcase classname="Tests.Login" name="ValidLogin" time="0.0">
    <ignored/>
  </testcase> <!-- ValidLogin -->
  <testcase classname="Tests.PlacingOrder" name="ValidPlacingOrder" time="0.0">
    <ignored/>
  </testcase> <!-- ValidPlacingOrder -->
  <testcase classname="Tests.Cart" name="VerifyRemovingItemsFromCart" time="0.0">
    <ignored/>
  </testcase> <!-- VerifyRemovingItemsFromCart -->
  <testcase classname="Tests.TestBase" name="@BeforeSuite startSession" time="0.0">
    <ignored/>
  </testcase> <!-- @BeforeSuite startSession -->
  <testcase classname="Tests.TestBase" name="@BeforeSuite startSession" time="0.0">
    <ignored/>
  </testcase> <!-- @BeforeSuite startSession -->
  <testcase classname="Tests.TestBase" name="@BeforeSuite startSession" time="0.0">
    <ignored/>
  </testcase> <!-- @BeforeSuite startSession -->
  <testcase classname="Tests.TestBase" name="@BeforeSuite startSession" time="0.0">
    <ignored/>
  </testcase> <!-- @BeforeSuite startSession -->
  <testcase classname="Tests.SignUp" name="ValidSignUp" time="0.0">
    <ignored/>
  </testcase> <!-- ValidSignUp -->
</testsuite> <!-- RegressionTests -->
