<?xml version="1.0" encoding="UTF-8"?>
<!-- Generated by org.testng.reporters.JUnitXMLReporter -->
<testsuite ignored="12" hostname="DESKTOP-7BSILN1" failures="0" tests="5" name="SmokeTests" time="16.698" errors="0" timestamp="2025-03-27T17:48:53 EET">
  <testcase classname="Tests.SignUp" name="ValidSignUp" time="1.372"/>
  <testcase classname="Tests.Login" name="ValidLogin" time="1.87"/>
  <testcase classname="Tests.ProductsCategorization" name="VerifyProductsCategorization" time="1.522"/>
  <testcase classname="Tests.Cart" name="VerifyRemovingItemsFromCart" time="6.182"/>
  <testcase classname="Tests.PlacingOrder" name="ValidPlacingOrder" time="4.135"/>
  <testcase classname="Tests.SignUp" name="InValidSignUp" time="0.0">
    <ignored/>
  </testcase> <!-- InValidSignUp -->
  <testcase classname="Tests.TestBase" name="@AfterSuite endSession" time="0.0">
    <ignored/>
  </testcase> <!-- @AfterSuite endSession -->
  <testcase classname="Tests.TestBase" name="@AfterSuite endSession" time="0.0">
    <ignored/>
  </testcase> <!-- @AfterSuite endSession -->
  <testcase classname="Tests.TestBase" name="@AfterSuite endSession" time="0.0">
    <ignored/>
  </testcase> <!-- @AfterSuite endSession -->
  <testcase classname="Tests.TestBase" name="@AfterSuite endSession" time="0.0">
    <ignored/>
  </testcase> <!-- @AfterSuite endSession -->
  <testcase classname="Tests.PlacingOrder" name="InValidPlacingOrder" time="0.0">
    <ignored/>
  </testcase> <!-- InValidPlacingOrder -->
  <testcase classname="Tests.TestBase" name="@BeforeSuite startSession" time="0.0">
    <ignored/>
  </testcase> <!-- @BeforeSuite startSession -->
  <testcase classname="Tests.TestBase" name="@BeforeSuite startSession" time="0.0">
    <ignored/>
  </testcase> <!-- @BeforeSuite startSession -->
  <testcase classname="Tests.TestBase" name="@BeforeSuite startSession" time="0.0">
    <ignored/>
  </testcase> <!-- @BeforeSuite startSession -->
  <testcase classname="Tests.TestBase" name="@BeforeSuite startSession" time="0.0">
    <ignored/>
  </testcase> <!-- @BeforeSuite startSession -->
  <testcase classname="Tests.Cart" name="VerifyCartPrices" time="0.0">
    <ignored/>
  </testcase> <!-- VerifyCartPrices -->
  <testcase classname="Tests.Login" name="InValidLogin" time="0.0">
    <ignored/>
  </testcase> <!-- InValidLogin -->
</testsuite> <!-- SmokeTests -->
