<?xml version="1.0" encoding="UTF-8"?>
<!-- Generated by org.testng.reporters.JUnitXMLReporter -->
<testsuite ignored="10" hostname="DESKTOP-7BSILN1" failures="0" tests="7" name="Surefire test" time="18.661" errors="0" timestamp="2024-11-11T02:49:32 EET">
  <testcase classname="org.sample.TestingDemoBlaze.ContactUsTest" name="CheckingContactUs" time="0.805"/>
  <testcase classname="org.sample.TestingDemoBlaze.InvalidLogin" name="InvalidLoginUsingWrongPass" time="1.483"/>
  <testcase classname="org.sample.TestingDemoBlaze.InvalidLogin" name="InvalidLoginUsingWrongUsername" time="1.558"/>
  <testcase classname="org.sample.TestingDemoBlaze.InvalidSignUp" name="InvalidSignUpTC" time="1.578"/>
  <testcase classname="org.sample.TestingDemoBlaze.ProductDetailsPageTest" name="AddingRemovingMobileItemToCart" time="3.727"/>
  <testcase classname="org.sample.TestingDemoBlaze.ValidLogin" name="ValidLoginTC" time="2.074"/>
  <testcase classname="org.sample.TestingDemoBlaze.ValidSignUp" name="ValidSignUpTC" time="1.217"/>
  <testcase classname="org.sample.TestingDemoBlaze.TestBase" name="@BeforeTest Setup" time="0.0">
    <ignored/>
  </testcase> <!-- @BeforeTest Setup -->
  <testcase classname="org.sample.TestingDemoBlaze.TestBase" name="@BeforeTest Setup" time="0.0">
    <ignored/>
  </testcase> <!-- @BeforeTest Setup -->
  <testcase classname="org.sample.TestingDemoBlaze.TestBase" name="@AfterSuite Quit" time="0.0">
    <ignored/>
  </testcase> <!-- @AfterSuite Quit -->
  <testcase classname="org.sample.TestingDemoBlaze.TestBase" name="@AfterSuite Quit" time="0.0">
    <ignored/>
  </testcase> <!-- @AfterSuite Quit -->
  <testcase classname="org.sample.TestingDemoBlaze.TestBase" name="@BeforeTest Setup" time="0.0">
    <ignored/>
  </testcase> <!-- @BeforeTest Setup -->
  <testcase classname="org.sample.TestingDemoBlaze.TestBase" name="@AfterSuite Quit" time="0.0">
    <ignored/>
  </testcase> <!-- @AfterSuite Quit -->
  <testcase classname="org.sample.TestingDemoBlaze.TestBase" name="@BeforeTest Setup" time="0.0">
    <ignored/>
  </testcase> <!-- @BeforeTest Setup -->
  <testcase classname="org.sample.TestingDemoBlaze.TestBase" name="@BeforeTest Setup" time="0.0">
    <ignored/>
  </testcase> <!-- @BeforeTest Setup -->
  <testcase classname="org.sample.TestingDemoBlaze.TestBase" name="@AfterSuite Quit" time="0.0">
    <ignored/>
  </testcase> <!-- @AfterSuite Quit -->
  <testcase classname="org.sample.TestingDemoBlaze.TestBase" name="@AfterSuite Quit" time="0.0">
    <ignored/>
  </testcase> <!-- @AfterSuite Quit -->
</testsuite> <!-- Surefire test -->
