<?xml version="1.0" encoding="UTF-8"?>
<!-- Generated by org.testng.reporters.JUnitXMLReporter -->
<testsuite ignored="10" hostname="DESKTOP-7BSILN1" failures="0" tests="10" name="AllTests" time="31.986" errors="0" timestamp="2025-03-27T17:46:05 EET">
  <testcase classname="Tests.SignUp" name="InValidSignUp" time="1.382"/>
  <testcase classname="Tests.SignUp" name="ValidSignUp" time="1.09"/>
  <testcase classname="Tests.Login" name="InValidLogin" time="0.891"/>
  <testcase classname="Tests.Login" name="ValidLogin" time="2.023"/>
  <testcase classname="Tests.ProductsCategorization" name="VerifyProductsCategorization" time="1.599"/>
  <testcase classname="Tests.ProductDetails" name="VerifyProductDetails" time="4.927"/>
  <testcase classname="Tests.Cart" name="VerifyCartPrices" time="5.161"/>
  <testcase classname="Tests.Cart" name="VerifyRemovingItemsFromCart" time="5.325"/>
  <testcase classname="Tests.PlacingOrder" name="InValidPlacingOrder" time="2.801"/>
  <testcase classname="Tests.PlacingOrder" name="ValidPlacingOrder" time="4.661"/>
  <testcase classname="Tests.TestBase" name="@AfterSuite endSession" time="0.0">
    <ignored/>
  </testcase> <!-- @AfterSuite endSession -->
  <testcase classname="Tests.TestBase" name="@AfterSuite endSession" time="0.0">
    <ignored/>
  </testcase> <!-- @AfterSuite endSession -->
  <testcase classname="Tests.TestBase" name="@AfterSuite endSession" time="0.0">
    <ignored/>
  </testcase> <!-- @AfterSuite endSession -->
  <testcase classname="Tests.TestBase" name="@AfterSuite endSession" time="0.0">
    <ignored/>
  </testcase> <!-- @AfterSuite endSession -->
  <testcase classname="Tests.TestBase" name="@AfterSuite endSession" time="0.0">
    <ignored/>
  </testcase> <!-- @AfterSuite endSession -->
  <testcase classname="Tests.TestBase" name="@BeforeSuite startSession" time="0.0">
    <ignored/>
  </testcase> <!-- @BeforeSuite startSession -->
  <testcase classname="Tests.TestBase" name="@BeforeSuite startSession" time="0.0">
    <ignored/>
  </testcase> <!-- @BeforeSuite startSession -->
  <testcase classname="Tests.TestBase" name="@BeforeSuite startSession" time="0.0">
    <ignored/>
  </testcase> <!-- @BeforeSuite startSession -->
  <testcase classname="Tests.TestBase" name="@BeforeSuite startSession" time="0.0">
    <ignored/>
  </testcase> <!-- @BeforeSuite startSession -->
  <testcase classname="Tests.TestBase" name="@BeforeSuite startSession" time="0.0">
    <ignored/>
  </testcase> <!-- @BeforeSuite startSession -->
</testsuite> <!-- AllTests -->
