<?xml version="1.0" encoding="UTF-8"?>
<testng-results ignored="12" total="17" passed="5" failed="0" skipped="0">
  <reporter-output>
  </reporter-output>
  <suite started-at="2025-03-27T17:48:36 EET" name="SmokeSuite" finished-at="2025-03-27T17:48:53 EET" duration-ms="16698">
    <groups>
      <group name="Smoke">
        <method signature="Cart.VerifyRemovingItemsFromCart(java.lang.reflect.Method)[pri:0, instance:Tests.Cart@6b4283c4]" name="VerifyRemovingItemsFromCart" class="Tests.Cart"/>
        <method signature="Login.ValidLogin(java.util.HashMap,java.lang.reflect.Method)[pri:0, instance:Tests.Login@3eda0aeb]" name="ValidLogin" class="Tests.Login"/>
        <method signature="PlacingOrder.ValidPlacingOrder(java.lang.reflect.Method)[pri:0, instance:Tests.PlacingOrder@d0865a3]" name="ValidPlacingOrder" class="Tests.PlacingOrder"/>
        <method signature="ProductsCategorization.VerifyProductsCategorization(java.lang.reflect.Method)[pri:0, instance:Tests.ProductsCategorization@459b187a]" name="VerifyProductsCategorization" class="Tests.ProductsCategorization"/>
        <method signature="SignUp.ValidSignUp(java.lang.reflect.Method)[pri:0, instance:Tests.SignUp@78010562]" name="ValidSignUp" class="Tests.SignUp"/>
      </group> <!-- Smoke -->
    </groups>
    <test started-at="2025-03-27T17:48:36 EET" name="SmokeTests" finished-at="2025-03-27T17:48:53 EET" duration-ms="16698">
      <class name="Tests.SignUp">
        <test-method is-config="true" signature="startSession()[pri:0, instance:Tests.SignUp@78010562]" started-at="2025-03-27T17:48:31 EET" name="startSession" finished-at="2025-03-27T17:48:36 EET" duration-ms="5220" status="PASS">
          <reporter-output>
          </reporter-output>
        </test-method> <!-- startSession -->
        <test-method signature="ValidSignUp(java.lang.reflect.Method)[pri:0, instance:Tests.SignUp@78010562]" started-at="2025-03-27T17:48:37 EET" name="ValidSignUp" finished-at="2025-03-27T17:48:38 EET" duration-ms="1372" status="PASS">
          <params>
            <param index="0">
              <value>
                <![CDATA[public void Tests.SignUp.ValidSignUp(java.lang.reflect.Method) throws java.lang.InterruptedException]]>
              </value>
            </param>
          </params>
          <reporter-output>
          </reporter-output>
        </test-method> <!-- ValidSignUp -->
        <test-method is-config="true" signature="endSession()[pri:0, instance:Tests.SignUp@78010562]" started-at="2025-03-27T17:48:53 EET" name="endSession" finished-at="2025-03-27T17:48:53 EET" duration-ms="192" status="PASS">
          <reporter-output>
          </reporter-output>
        </test-method> <!-- endSession -->
      </class> <!-- Tests.SignUp -->
      <class name="Tests.PlacingOrder">
        <test-method signature="ValidPlacingOrder(java.lang.reflect.Method)[pri:0, instance:Tests.PlacingOrder@d0865a3]" started-at="2025-03-27T17:48:48 EET" name="ValidPlacingOrder" finished-at="2025-03-27T17:48:53 EET" duration-ms="4135" status="PASS">
          <params>
            <param index="0">
              <value>
                <![CDATA[public void Tests.PlacingOrder.ValidPlacingOrder(java.lang.reflect.Method) throws java.lang.InterruptedException]]>
              </value>
            </param>
          </params>
          <reporter-output>
          </reporter-output>
        </test-method> <!-- ValidPlacingOrder -->
      </class> <!-- Tests.PlacingOrder -->
      <class name="Tests.ProductsCategorization">
        <test-method signature="VerifyProductsCategorization(java.lang.reflect.Method)[pri:0, instance:Tests.ProductsCategorization@459b187a]" started-at="2025-03-27T17:48:41 EET" name="VerifyProductsCategorization" finished-at="2025-03-27T17:48:42 EET" duration-ms="1522" status="PASS">
          <params>
            <param index="0">
              <value>
                <![CDATA[public void Tests.ProductsCategorization.VerifyProductsCategorization(java.lang.reflect.Method)]]>
              </value>
            </param>
          </params>
          <reporter-output>
          </reporter-output>
        </test-method> <!-- VerifyProductsCategorization -->
      </class> <!-- Tests.ProductsCategorization -->
      <class name="Tests.Login">
        <test-method signature="ValidLogin(java.util.HashMap,java.lang.reflect.Method)[pri:0, instance:Tests.Login@3eda0aeb]" started-at="2025-03-27T17:48:39 EET" name="ValidLogin" data-provider="getLoginData" finished-at="2025-03-27T17:48:40 EET" duration-ms="1870" status="PASS">
          <params>
            <param index="0">
              <value>
                <![CDATA[{LoginUserName=youssefsewalm100, LoginPassword=12345678}]]>
              </value>
            </param>
            <param index="1">
              <value>
                <![CDATA[public void Tests.Login.ValidLogin(java.util.HashMap,java.lang.reflect.Method)]]>
              </value>
            </param>
          </params>
          <reporter-output>
          </reporter-output>
        </test-method> <!-- ValidLogin -->
      </class> <!-- Tests.Login -->
      <class name="Tests.Cart">
        <test-method signature="VerifyRemovingItemsFromCart(java.lang.reflect.Method)[pri:0, instance:Tests.Cart@6b4283c4]" started-at="2025-03-27T17:48:42 EET" name="VerifyRemovingItemsFromCart" finished-at="2025-03-27T17:48:48 EET" duration-ms="6182" status="PASS">
          <params>
            <param index="0">
              <value>
                <![CDATA[public void Tests.Cart.VerifyRemovingItemsFromCart(java.lang.reflect.Method) throws java.lang.InterruptedException]]>
              </value>
            </param>
          </params>
          <reporter-output>
          </reporter-output>
        </test-method> <!-- VerifyRemovingItemsFromCart -->
      </class> <!-- Tests.Cart -->
    </test> <!-- SmokeTests -->
  </suite> <!-- SmokeSuite -->
</testng-results>
