<?xml version="1.0" encoding="UTF-8"?>
<!-- Generated by org.testng.reporters.JUnitReportReporter -->
<testsuite hostname="DESKTOP-7BSILN1" failures="0" tests="2" name="org.sample.TestingDemoBlaze.InvalidLogin" time="3.041" errors="0" timestamp="2024-11-11T02:49:32 EET" skipped="0">
  <testcase classname="org.sample.TestingDemoBlaze.InvalidLogin" name="InvalidLoginUsingWrongUsername" time="1.558"/>
  <testcase classname="org.sample.TestingDemoBlaze.InvalidLogin" name="InvalidLoginUsingWrongPass" time="1.483"/>
</testsuite> <!-- org.sample.TestingDemoBlaze.InvalidLogin -->
